<?xml version="1.0" encoding="UTF-8"?>
<testsuite name="com.demo.springboot.webservice.web.dto.HelloResponseDtoTest" tests="1" skipped="0" failures="0" errors="0" timestamp="2023-04-14T09:27:59" hostname="Bongkyoonui-MacBookAir.local" time="0.001">
  <properties/>
  <testcase name="롬복_기능_테스트" classname="com.demo.springboot.webservice.web.dto.HelloResponseDtoTest" time="0.001"/>
  <system-out><![CDATA[]]></system-out>
  <system-err><![CDATA[]]></system-err>
</testsuite>
