<?xml version="1.0" encoding="UTF-8"?>
<testsuite name="com.demo.springboot.webservice.domain.PostsRepositoryTest" tests="2" skipped="0" failures="0" errors="0" timestamp="2023-04-03T04:48:41" hostname="Bongkyoonui-MacBookAir.local" time="0.062">
  <properties/>
  <testcase name="게시글저장_불러오기" classname="com.demo.springboot.webservice.domain.PostsRepositoryTest" time="0.052"/>
  <testcase name="BaseTimeEntity_등록" classname="com.demo.springboot.webservice.domain.PostsRepositoryTest" time="0.01"/>
  <system-out><![CDATA[2023-04-03 13:48:41.333  INFO 1160 --- [    Test worker] .b.t.c.SpringBootTestContextBootstrapper : Neither @ContextConfiguration nor @ContextHierarchy found for test class [com.demo.springboot.webservice.domain.PostsRepositoryTest], using SpringBootContextLoader
2023-04-03 13:48:41.333  INFO 1160 --- [    Test worker] o.s.t.c.support.AbstractContextLoader    : Could not detect default resource locations for test class [com.demo.springboot.webservice.domain.PostsRepositoryTest]: no resource found for suffixes {-context.xml, Context.groovy}.
2023-04-03 13:48:41.333  INFO 1160 --- [    Test worker] t.c.s.AnnotationConfigContextLoaderUtils : Could not detect default configuration classes for test class [com.demo.springboot.webservice.domain.PostsRepositoryTest]: PostsRepositoryTest does not declare any static, non-private, non-final, nested classes annotated with @Configuration.
2023-04-03 13:48:41.336  INFO 1160 --- [    Test worker] .b.t.c.SpringBootTestContextBootstrapper : Found @SpringBootConfiguration com.demo.springboot.webservice.Application for test class com.demo.springboot.webservice.domain.PostsRepositoryTest
2023-04-03 13:48:41.338  INFO 1160 --- [    Test worker] .b.t.c.SpringBootTestContextBootstrapper : Loaded default TestExecutionListener class names from location [META-INF/spring.factories]: [org.springframework.security.test.context.support.WithSecurityContextTestExecutionListener, org.springframework.security.test.context.support.ReactorContextTestExecutionListener, org.springframework.boot.test.autoconfigure.restdocs.RestDocsTestExecutionListener, org.springframework.boot.test.autoconfigure.web.client.MockRestServiceServerResetTestExecutionListener, org.springframework.boot.test.autoconfigure.web.servlet.MockMvcPrintOnlyOnFailureTestExecutionListener, org.springframework.boot.test.autoconfigure.web.servlet.WebDriverTestExecutionListener, org.springframework.boot.test.mock.mockito.MockitoTestExecutionListener, org.springframework.boot.test.mock.mockito.ResetMocksTestExecutionListener, org.springframework.test.context.web.ServletTestExecutionListener, org.springframework.test.context.support.DirtiesContextBeforeModesTestExecutionListener, org.springframework.test.context.support.DependencyInjectionTestExecutionListener, org.springframework.test.context.support.DirtiesContextTestExecutionListener, org.springframework.test.context.transaction.TransactionalTestExecutionListener, org.springframework.test.context.jdbc.SqlScriptsTestExecutionListener]
2023-04-03 13:48:41.338  INFO 1160 --- [    Test worker] .b.t.c.SpringBootTestContextBootstrapper : Using TestExecutionListeners: [org.springframework.test.context.web.ServletTestExecutionListener@7d619bcb, org.springframework.test.context.support.DirtiesContextBeforeModesTestExecutionListener@57f83dc7, org.springframework.boot.test.mock.mockito.MockitoTestExecutionListener@75937998, org.springframework.boot.test.autoconfigure.SpringBootDependencyInjectionTestExecutionListener@696d28ee, org.springframework.test.context.support.DirtiesContextTestExecutionListener@18a349cb, org.springframework.test.context.transaction.TransactionalTestExecutionListener@ea3491d, org.springframework.test.context.jdbc.SqlScriptsTestExecutionListener@6012bee8, org.springframework.security.test.context.support.WithSecurityContextTestExecutionListener@60b8c05c, org.springframework.security.test.context.support.ReactorContextTestExecutionListener@62d72091, org.springframework.boot.test.autoconfigure.restdocs.RestDocsTestExecutionListener@76a86677, org.springframework.boot.test.autoconfigure.web.client.MockRestServiceServerResetTestExecutionListener@3b863b4, org.springframework.boot.test.autoconfigure.web.servlet.MockMvcPrintOnlyOnFailureTestExecutionListener@2524f9bf, org.springframework.boot.test.autoconfigure.web.servlet.WebDriverTestExecutionListener@7e2c8622, org.springframework.boot.test.mock.mockito.ResetMocksTestExecutionListener@4b02dc4e]

  .   ____          _            __ _ _
 /\\ / ___'_ __ _ _(_)_ __  __ _ \ \ \ \
( ( )\___ | '_ | '_| | '_ \/ _` | \ \ \ \
 \\/  ___)| |_)| | | | | || (_| |  ) ) ) )
  '  |____| .__|_| |_|_| |_\__, | / / / /
 =========|_|==============|___/=/_/_/_/
 :: Spring Boot ::        (v2.1.7.RELEASE)

2023-04-03 13:48:41.348  INFO 1160 --- [    Test worker] c.d.s.w.domain.PostsRepositoryTest       : Starting PostsRepositoryTest on Bongkyoonui-MacBookAir.local with PID 1160 (started by bongkyoonpark in /Users/bongkyoonpark/Documents/스프링부트/기본/demo-springboot2-webservice)
2023-04-03 13:48:41.348  INFO 1160 --- [    Test worker] c.d.s.w.domain.PostsRepositoryTest       : No active profile set, falling back to default profiles: default
2023-04-03 13:48:41.428  INFO 1160 --- [    Test worker] .s.d.r.c.RepositoryConfigurationDelegate : Bootstrapping Spring Data repositories in DEFAULT mode.
2023-04-03 13:48:41.437  INFO 1160 --- [    Test worker] .s.d.r.c.RepositoryConfigurationDelegate : Finished Spring Data repository scanning in 9ms. Found 2 repository interfaces.
2023-04-03 13:48:41.475  INFO 1160 --- [    Test worker] trationDelegate$BeanPostProcessorChecker : Bean 'org.springframework.transaction.annotation.ProxyTransactionManagementConfiguration' of type [org.springframework.transaction.annotation.ProxyTransactionManagementConfiguration$$EnhancerBySpringCGLIB$$29883879] is not eligible for getting processed by all BeanPostProcessors (for example: not eligible for auto-proxying)
2023-04-03 13:48:41.498  INFO 1160 --- [    Test worker] com.zaxxer.hikari.HikariDataSource       : HikariPool-2 - Starting...
2023-04-03 13:48:41.499  INFO 1160 --- [    Test worker] com.zaxxer.hikari.HikariDataSource       : HikariPool-2 - Start completed.
2023-04-03 13:48:41.507  INFO 1160 --- [    Test worker] o.hibernate.jpa.internal.util.LogHelper  : HHH000204: Processing PersistenceUnitInfo [
	name: default
	...]
2023-04-03 13:48:41.510  INFO 1160 --- [    Test worker] org.hibernate.dialect.Dialect            : HHH000400: Using dialect: org.hibernate.dialect.MySQL5InnoDBDialect
Hibernate: drop table if exists posts
Hibernate: drop table if exists user
Hibernate: create table posts (id bigint not null auto_increment, created_date datetime, modified_date datetime, author varchar(255), content TEXT not null, title varchar(500) not null, primary key (id)) engine=InnoDB
Hibernate: create table user (id bigint not null auto_increment, created_date datetime, modified_date datetime, email varchar(255) not null, name varchar(255) not null, picture varchar(255), role varchar(255) not null, primary key (id)) engine=InnoDB
2023-04-03 13:48:41.531  INFO 1160 --- [    Test worker] o.h.t.schema.internal.SchemaCreatorImpl  : HHH000476: Executing import script 'org.hibernate.tool.schema.internal.exec.ScriptSourceInputNonExistentImpl@63551c66'
2023-04-03 13:48:41.532  INFO 1160 --- [    Test worker] j.LocalContainerEntityManagerFactoryBean : Initialized JPA EntityManagerFactory for persistence unit 'default'
2023-04-03 13:48:41.584  INFO 1160 --- [    Test worker] o.h.h.i.QueryTranslatorFactoryInitiator  : HHH000397: Using ASTQueryTranslatorFactory
2023-04-03 13:48:41.635  INFO 1160 --- [    Test worker] o.s.s.web.DefaultSecurityFilterChain     : Creating filter chain: any request, [org.springframework.security.web.context.request.async.WebAsyncManagerIntegrationFilter@17e7cc67, org.springframework.security.web.context.SecurityContextPersistenceFilter@62cbe18c, org.springframework.security.web.header.HeaderWriterFilter@5f171392, org.springframework.security.web.authentication.logout.LogoutFilter@1c63b39a, org.springframework.security.oauth2.client.web.OAuth2AuthorizationRequestRedirectFilter@6db160b4, org.springframework.security.oauth2.client.web.OAuth2LoginAuthenticationFilter@64ee9290, org.springframework.security.web.authentication.ui.DefaultLoginPageGeneratingFilter@2199e1a4, org.springframework.security.web.authentication.ui.DefaultLogoutPageGeneratingFilter@49976824, org.springframework.security.web.savedrequest.RequestCacheAwareFilter@377b7798, org.springframework.security.web.servletapi.SecurityContextHolderAwareRequestFilter@50177966, org.springframework.security.web.authentication.AnonymousAuthenticationFilter@2fc51562, org.springframework.security.web.session.SessionManagementFilter@655295bd, org.springframework.security.web.access.ExceptionTranslationFilter@329cef32, org.springframework.security.web.access.intercept.FilterSecurityInterceptor@7ab20a7]
2023-04-03 13:48:41.720  INFO 1160 --- [    Test worker] o.s.s.concurrent.ThreadPoolTaskExecutor  : Initializing ExecutorService 'applicationTaskExecutor'
2023-04-03 13:48:41.724  WARN 1160 --- [    Test worker] aWebConfiguration$JpaWebMvcConfiguration : spring.jpa.open-in-view is enabled by default. Therefore, database queries may be performed during view rendering. Explicitly configure spring.jpa.open-in-view to disable this warning
2023-04-03 13:48:41.733  INFO 1160 --- [    Test worker] o.s.b.a.w.s.WelcomePageHandlerMapping    : Adding welcome page template: index
2023-04-03 13:48:41.827  INFO 1160 --- [    Test worker] s.a.ScheduledAnnotationBeanPostProcessor : No TaskScheduler/ScheduledExecutorService bean found for scheduled processing
2023-04-03 13:48:41.828  INFO 1160 --- [    Test worker] c.d.s.w.domain.PostsRepositoryTest       : Started PostsRepositoryTest in 0.486 seconds (JVM running for 3.706)
Hibernate: insert into posts (created_date, modified_date, author, content, title) values (?, ?, ?, ?, ?)
Hibernate: select posts0_.id as id1_0_, posts0_.created_date as created_2_0_, posts0_.modified_date as modified3_0_, posts0_.author as author4_0_, posts0_.content as content5_0_, posts0_.title as title6_0_ from posts posts0_
Hibernate: select posts0_.id as id1_0_, posts0_.created_date as created_2_0_, posts0_.modified_date as modified3_0_, posts0_.author as author4_0_, posts0_.content as content5_0_, posts0_.title as title6_0_ from posts posts0_
Hibernate: delete from posts where id=?
Hibernate: insert into posts (created_date, modified_date, author, content, title) values (?, ?, ?, ?, ?)
Hibernate: select posts0_.id as id1_0_, posts0_.created_date as created_2_0_, posts0_.modified_date as modified3_0_, posts0_.author as author4_0_, posts0_.content as content5_0_, posts0_.title as title6_0_ from posts posts0_
>>>>>>>>> createDate=2023-04-03T13:48:41.887321, modifiedDate=2023-04-03T13:48:41.887321
Hibernate: select posts0_.id as id1_0_, posts0_.created_date as created_2_0_, posts0_.modified_date as modified3_0_, posts0_.author as author4_0_, posts0_.content as content5_0_, posts0_.title as title6_0_ from posts posts0_
Hibernate: delete from posts where id=?
]]></system-out>
  <system-err><![CDATA[]]></system-err>
</testsuite>
