<?xml version="1.0" encoding="UTF-8"?>
<testsuite name="com.demo.springboot.webservice.web.IndexControllerTest" tests="1" skipped="0" failures="0" errors="0" timestamp="2023-04-03T04:48:41" hostname="Bongkyoonui-MacBookAir.local" time="0.202">
  <properties/>
  <testcase name="메인페이지_로딩" classname="com.demo.springboot.webservice.web.IndexControllerTest" time="0.202"/>
  <system-out><![CDATA[13:48:38.379 [Test worker] DEBUG org.springframework.test.context.junit4.SpringJUnit4ClassRunner - SpringJUnit4ClassRunner constructor called with [class com.demo.springboot.webservice.web.IndexControllerTest]
13:48:38.383 [Test worker] DEBUG org.springframework.test.context.BootstrapUtils - Instantiating CacheAwareContextLoaderDelegate from class [org.springframework.test.context.cache.DefaultCacheAwareContextLoaderDelegate]
13:48:38.386 [Test worker] DEBUG org.springframework.test.context.BootstrapUtils - Instantiating BootstrapContext using constructor [public org.springframework.test.context.support.DefaultBootstrapContext(java.lang.Class,org.springframework.test.context.CacheAwareContextLoaderDelegate)]
13:48:38.393 [Test worker] DEBUG org.springframework.test.context.BootstrapUtils - Instantiating TestContextBootstrapper for test class [com.demo.springboot.webservice.web.IndexControllerTest] from class [org.springframework.boot.test.context.SpringBootTestContextBootstrapper]
13:48:38.397 [Test worker] INFO org.springframework.boot.test.context.SpringBootTestContextBootstrapper - Neither @ContextConfiguration nor @ContextHierarchy found for test class [com.demo.springboot.webservice.web.IndexControllerTest], using SpringBootContextLoader
13:48:38.399 [Test worker] DEBUG org.springframework.test.context.support.AbstractContextLoader - Did not detect default resource location for test class [com.demo.springboot.webservice.web.IndexControllerTest]: class path resource [com/demo/springboot/webservice/web/IndexControllerTest-context.xml] does not exist
13:48:38.399 [Test worker] DEBUG org.springframework.test.context.support.AbstractContextLoader - Did not detect default resource location for test class [com.demo.springboot.webservice.web.IndexControllerTest]: class path resource [com/demo/springboot/webservice/web/IndexControllerTestContext.groovy] does not exist
13:48:38.399 [Test worker] INFO org.springframework.test.context.support.AbstractContextLoader - Could not detect default resource locations for test class [com.demo.springboot.webservice.web.IndexControllerTest]: no resource found for suffixes {-context.xml, Context.groovy}.
13:48:38.400 [Test worker] INFO org.springframework.test.context.support.AnnotationConfigContextLoaderUtils - Could not detect default configuration classes for test class [com.demo.springboot.webservice.web.IndexControllerTest]: IndexControllerTest does not declare any static, non-private, non-final, nested classes annotated with @Configuration.
13:48:38.416 [Test worker] DEBUG org.springframework.test.context.support.ActiveProfilesUtils - Could not find an 'annotation declaring class' for annotation type [org.springframework.test.context.ActiveProfiles] and class [com.demo.springboot.webservice.web.IndexControllerTest]
13:48:38.458 [Test worker] DEBUG org.springframework.context.annotation.ClassPathScanningCandidateComponentProvider - Identified candidate component class: file [/Users/bongkyoonpark/Documents/스프링부트/기본/demo-springboot2-webservice/build/classes/java/main/com/demo/springboot/webservice/Application.class]
13:48:38.458 [Test worker] INFO org.springframework.boot.test.context.SpringBootTestContextBootstrapper - Found @SpringBootConfiguration com.demo.springboot.webservice.Application for test class com.demo.springboot.webservice.web.IndexControllerTest
13:48:38.491 [Test worker] DEBUG org.springframework.boot.test.context.SpringBootTestContextBootstrapper - @TestExecutionListeners is not present for class [com.demo.springboot.webservice.web.IndexControllerTest]: using defaults.
13:48:38.491 [Test worker] INFO org.springframework.boot.test.context.SpringBootTestContextBootstrapper - Loaded default TestExecutionListener class names from location [META-INF/spring.factories]: [org.springframework.security.test.context.support.WithSecurityContextTestExecutionListener, org.springframework.security.test.context.support.ReactorContextTestExecutionListener, org.springframework.boot.test.autoconfigure.restdocs.RestDocsTestExecutionListener, org.springframework.boot.test.autoconfigure.web.client.MockRestServiceServerResetTestExecutionListener, org.springframework.boot.test.autoconfigure.web.servlet.MockMvcPrintOnlyOnFailureTestExecutionListener, org.springframework.boot.test.autoconfigure.web.servlet.WebDriverTestExecutionListener, org.springframework.boot.test.mock.mockito.MockitoTestExecutionListener, org.springframework.boot.test.mock.mockito.ResetMocksTestExecutionListener, org.springframework.test.context.web.ServletTestExecutionListener, org.springframework.test.context.support.DirtiesContextBeforeModesTestExecutionListener, org.springframework.test.context.support.DependencyInjectionTestExecutionListener, org.springframework.test.context.support.DirtiesContextTestExecutionListener, org.springframework.test.context.transaction.TransactionalTestExecutionListener, org.springframework.test.context.jdbc.SqlScriptsTestExecutionListener]
13:48:38.497 [Test worker] INFO org.springframework.boot.test.context.SpringBootTestContextBootstrapper - Using TestExecutionListeners: [org.springframework.test.context.web.ServletTestExecutionListener@5b04476e, org.springframework.test.context.support.DirtiesContextBeforeModesTestExecutionListener@5ad10c1a, org.springframework.boot.test.mock.mockito.MockitoTestExecutionListener@6bb75258, org.springframework.boot.test.autoconfigure.SpringBootDependencyInjectionTestExecutionListener@c260bdc, org.springframework.test.context.support.DirtiesContextTestExecutionListener@75e01201, org.springframework.test.context.transaction.TransactionalTestExecutionListener@2783717b, org.springframework.test.context.jdbc.SqlScriptsTestExecutionListener@76f7d241, org.springframework.security.test.context.support.WithSecurityContextTestExecutionListener@4a335fa8, org.springframework.security.test.context.support.ReactorContextTestExecutionListener@3f363cf5, org.springframework.boot.test.autoconfigure.restdocs.RestDocsTestExecutionListener@3829ac1, org.springframework.boot.test.autoconfigure.web.client.MockRestServiceServerResetTestExecutionListener@4baf352a, org.springframework.boot.test.autoconfigure.web.servlet.MockMvcPrintOnlyOnFailureTestExecutionListener@1bb1fde8, org.springframework.boot.test.autoconfigure.web.servlet.WebDriverTestExecutionListener@15eebbff, org.springframework.boot.test.mock.mockito.ResetMocksTestExecutionListener@22d6f11]
13:48:38.498 [Test worker] DEBUG org.springframework.test.annotation.ProfileValueUtils - Retrieved @ProfileValueSourceConfiguration [null] for test class [com.demo.springboot.webservice.web.IndexControllerTest]
13:48:38.498 [Test worker] DEBUG org.springframework.test.annotation.ProfileValueUtils - Retrieved ProfileValueSource type [class org.springframework.test.annotation.SystemProfileValueSource] for class [com.demo.springboot.webservice.web.IndexControllerTest]
13:48:38.499 [Test worker] DEBUG org.springframework.test.annotation.ProfileValueUtils - Retrieved @ProfileValueSourceConfiguration [null] for test class [com.demo.springboot.webservice.web.IndexControllerTest]
13:48:38.499 [Test worker] DEBUG org.springframework.test.annotation.ProfileValueUtils - Retrieved ProfileValueSource type [class org.springframework.test.annotation.SystemProfileValueSource] for class [com.demo.springboot.webservice.web.IndexControllerTest]
13:48:38.500 [Test worker] DEBUG org.springframework.test.context.support.AbstractDirtiesContextTestExecutionListener - Before test class: context [DefaultTestContext@36676c1a testClass = IndexControllerTest, testInstance = [null], testMethod = [null], testException = [null], mergedContextConfiguration = [WebMergedContextConfiguration@5b408dc3 testClass = IndexControllerTest, locations = '{}', classes = '{class com.demo.springboot.webservice.Application}', contextInitializerClasses = '[]', activeProfiles = '{}', propertySourceLocations = '{}', propertySourceProperties = '{org.springframework.boot.test.context.SpringBootTestContextBootstrapper=true, server.port=0}', contextCustomizers = set[org.springframework.boot.test.autoconfigure.properties.PropertyMappingContextCustomizer@0, org.springframework.boot.test.autoconfigure.web.servlet.WebDriverContextCustomizerFactory$Customizer@327bcebd, org.springframework.boot.test.context.filter.ExcludeFilterContextCustomizer@1fb669c3, org.springframework.boot.test.json.DuplicateJsonObjectContextCustomizerFactory$DuplicateJsonObjectContextCustomizer@3e6104fc, org.springframework.boot.test.mock.mockito.MockitoContextCustomizer@0, org.springframework.boot.test.web.client.TestRestTemplateContextCustomizer@132e0cc], resourceBasePath = 'src/main/webapp', contextLoader = 'org.springframework.boot.test.context.SpringBootContextLoader', parent = [null]], attributes = map['org.springframework.test.context.web.ServletTestExecutionListener.activateListener' -> false]], class annotated with @DirtiesContext [false] with mode [null].
13:48:38.501 [Test worker] DEBUG org.springframework.test.annotation.ProfileValueUtils - Retrieved @ProfileValueSourceConfiguration [null] for test class [com.demo.springboot.webservice.web.IndexControllerTest]
13:48:38.501 [Test worker] DEBUG org.springframework.test.annotation.ProfileValueUtils - Retrieved ProfileValueSource type [class org.springframework.test.annotation.SystemProfileValueSource] for class [com.demo.springboot.webservice.web.IndexControllerTest]
13:48:38.502 [Test worker] DEBUG org.springframework.test.context.support.DependencyInjectionTestExecutionListener - Performing dependency injection for test context [[DefaultTestContext@36676c1a testClass = IndexControllerTest, testInstance = com.demo.springboot.webservice.web.IndexControllerTest@350ec41e, testMethod = [null], testException = [null], mergedContextConfiguration = [WebMergedContextConfiguration@5b408dc3 testClass = IndexControllerTest, locations = '{}', classes = '{class com.demo.springboot.webservice.Application}', contextInitializerClasses = '[]', activeProfiles = '{}', propertySourceLocations = '{}', propertySourceProperties = '{org.springframework.boot.test.context.SpringBootTestContextBootstrapper=true, server.port=0}', contextCustomizers = set[org.springframework.boot.test.autoconfigure.properties.PropertyMappingContextCustomizer@0, org.springframework.boot.test.autoconfigure.web.servlet.WebDriverContextCustomizerFactory$Customizer@327bcebd, org.springframework.boot.test.context.filter.ExcludeFilterContextCustomizer@1fb669c3, org.springframework.boot.test.json.DuplicateJsonObjectContextCustomizerFactory$DuplicateJsonObjectContextCustomizer@3e6104fc, org.springframework.boot.test.mock.mockito.MockitoContextCustomizer@0, org.springframework.boot.test.web.client.TestRestTemplateContextCustomizer@132e0cc], resourceBasePath = 'src/main/webapp', contextLoader = 'org.springframework.boot.test.context.SpringBootContextLoader', parent = [null]], attributes = map['org.springframework.test.context.web.ServletTestExecutionListener.activateListener' -> false]]].
13:48:38.509 [Test worker] DEBUG org.springframework.test.context.support.TestPropertySourceUtils - Adding inlined properties to environment: {spring.jmx.enabled=false, org.springframework.boot.test.context.SpringBootTestContextBootstrapper=true, server.port=0}

  .   ____          _            __ _ _
 /\\ / ___'_ __ _ _(_)_ __  __ _ \ \ \ \
( ( )\___ | '_ | '_| | '_ \/ _` | \ \ \ \
 \\/  ___)| |_)| | | | | || (_| |  ) ) ) )
  '  |____| .__|_| |_|_| |_\__, | / / / /
 =========|_|==============|___/=/_/_/_/
 :: Spring Boot ::        (v2.1.7.RELEASE)

2023-04-03 13:48:38.788  INFO 1160 --- [    Test worker] c.d.s.w.web.IndexControllerTest          : Starting IndexControllerTest on Bongkyoonui-MacBookAir.local with PID 1160 (started by bongkyoonpark in /Users/bongkyoonpark/Documents/스프링부트/기본/demo-springboot2-webservice)
2023-04-03 13:48:38.789  INFO 1160 --- [    Test worker] c.d.s.w.web.IndexControllerTest          : No active profile set, falling back to default profiles: default
2023-04-03 13:48:39.112  INFO 1160 --- [    Test worker] .s.d.r.c.RepositoryConfigurationDelegate : Bootstrapping Spring Data repositories in DEFAULT mode.
2023-04-03 13:48:39.149  INFO 1160 --- [    Test worker] .s.d.r.c.RepositoryConfigurationDelegate : Finished Spring Data repository scanning in 34ms. Found 2 repository interfaces.
2023-04-03 13:48:39.377  INFO 1160 --- [    Test worker] trationDelegate$BeanPostProcessorChecker : Bean 'org.springframework.transaction.annotation.ProxyTransactionManagementConfiguration' of type [org.springframework.transaction.annotation.ProxyTransactionManagementConfiguration$$EnhancerBySpringCGLIB$$29883879] is not eligible for getting processed by all BeanPostProcessors (for example: not eligible for auto-proxying)
2023-04-03 13:48:39.536  INFO 1160 --- [    Test worker] o.s.b.w.embedded.tomcat.TomcatWebServer  : Tomcat initialized with port(s): 0 (http)
2023-04-03 13:48:39.551  INFO 1160 --- [    Test worker] o.apache.catalina.core.StandardService   : Starting service [Tomcat]
2023-04-03 13:48:39.552  INFO 1160 --- [    Test worker] org.apache.catalina.core.StandardEngine  : Starting Servlet engine: [Apache Tomcat/9.0.22]
2023-04-03 13:48:39.628  INFO 1160 --- [    Test worker] o.a.c.c.C.[Tomcat].[localhost].[/]       : Initializing Spring embedded WebApplicationContext
2023-04-03 13:48:39.628  INFO 1160 --- [    Test worker] o.s.web.context.ContextLoader            : Root WebApplicationContext: initialization completed in 828 ms
2023-04-03 13:48:39.738  INFO 1160 --- [    Test worker] com.zaxxer.hikari.HikariDataSource       : HikariPool-1 - Starting...
2023-04-03 13:48:39.812  INFO 1160 --- [    Test worker] com.zaxxer.hikari.HikariDataSource       : HikariPool-1 - Start completed.
2023-04-03 13:48:39.857  INFO 1160 --- [    Test worker] o.hibernate.jpa.internal.util.LogHelper  : HHH000204: Processing PersistenceUnitInfo [
	name: default
	...]
2023-04-03 13:48:39.886  INFO 1160 --- [    Test worker] org.hibernate.Version                    : HHH000412: Hibernate Core {5.3.10.Final}
2023-04-03 13:48:39.887  INFO 1160 --- [    Test worker] org.hibernate.cfg.Environment            : HHH000206: hibernate.properties not found
2023-04-03 13:48:39.958  INFO 1160 --- [    Test worker] o.hibernate.annotations.common.Version   : HCANN000001: Hibernate Commons Annotations {5.0.4.Final}
2023-04-03 13:48:40.022  INFO 1160 --- [    Test worker] org.hibernate.dialect.Dialect            : HHH000400: Using dialect: org.hibernate.dialect.MySQL5InnoDBDialect
Hibernate: drop table if exists posts
Hibernate: drop table if exists user
Hibernate: create table posts (id bigint not null auto_increment, created_date datetime, modified_date datetime, author varchar(255), content TEXT not null, title varchar(500) not null, primary key (id)) engine=InnoDB
Hibernate: create table user (id bigint not null auto_increment, created_date datetime, modified_date datetime, email varchar(255) not null, name varchar(255) not null, picture varchar(255), role varchar(255) not null, primary key (id)) engine=InnoDB
2023-04-03 13:48:40.333  INFO 1160 --- [    Test worker] o.h.t.schema.internal.SchemaCreatorImpl  : HHH000476: Executing import script 'org.hibernate.tool.schema.internal.exec.ScriptSourceInputNonExistentImpl@63551c66'
2023-04-03 13:48:40.334  INFO 1160 --- [    Test worker] j.LocalContainerEntityManagerFactoryBean : Initialized JPA EntityManagerFactory for persistence unit 'default'
2023-04-03 13:48:40.614  INFO 1160 --- [    Test worker] o.h.h.i.QueryTranslatorFactoryInitiator  : HHH000397: Using ASTQueryTranslatorFactory
2023-04-03 13:48:40.794  INFO 1160 --- [    Test worker] o.s.s.web.DefaultSecurityFilterChain     : Creating filter chain: any request, [org.springframework.security.web.context.request.async.WebAsyncManagerIntegrationFilter@951461a, org.springframework.security.web.context.SecurityContextPersistenceFilter@3e3a07ab, org.springframework.security.web.header.HeaderWriterFilter@43d84df1, org.springframework.security.web.authentication.logout.LogoutFilter@40dc2ade, org.springframework.security.oauth2.client.web.OAuth2AuthorizationRequestRedirectFilter@322593ed, org.springframework.security.oauth2.client.web.OAuth2LoginAuthenticationFilter@1c80f8dd, org.springframework.security.web.authentication.ui.DefaultLoginPageGeneratingFilter@560c3758, org.springframework.security.web.authentication.ui.DefaultLogoutPageGeneratingFilter@2f0e7008, org.springframework.security.web.savedrequest.RequestCacheAwareFilter@5aa5b3af, org.springframework.security.web.servletapi.SecurityContextHolderAwareRequestFilter@1a22325d, org.springframework.security.web.authentication.AnonymousAuthenticationFilter@307e9c02, org.springframework.security.web.session.SessionManagementFilter@3f04fb07, org.springframework.security.web.access.ExceptionTranslationFilter@6334c0d8, org.springframework.security.web.access.intercept.FilterSecurityInterceptor@23adbd6b]
2023-04-03 13:48:40.928  INFO 1160 --- [    Test worker] o.s.s.concurrent.ThreadPoolTaskExecutor  : Initializing ExecutorService 'applicationTaskExecutor'
2023-04-03 13:48:40.957  WARN 1160 --- [    Test worker] aWebConfiguration$JpaWebMvcConfiguration : spring.jpa.open-in-view is enabled by default. Therefore, database queries may be performed during view rendering. Explicitly configure spring.jpa.open-in-view to disable this warning
2023-04-03 13:48:40.979  INFO 1160 --- [    Test worker] o.s.b.a.w.s.WelcomePageHandlerMapping    : Adding welcome page template: index
2023-04-03 13:48:41.113  INFO 1160 --- [    Test worker] s.a.ScheduledAnnotationBeanPostProcessor : No TaskScheduler/ScheduledExecutorService bean found for scheduled processing
2023-04-03 13:48:41.125  INFO 1160 --- [    Test worker] o.s.b.w.embedded.tomcat.TomcatWebServer  : Tomcat started on port(s): 49316 (http) with context path ''
2023-04-03 13:48:41.127  INFO 1160 --- [    Test worker] c.d.s.w.web.IndexControllerTest          : Started IndexControllerTest in 2.616 seconds (JVM running for 3.005)
2023-04-03 13:48:41.216  INFO 1160 --- [o-auto-1-exec-1] o.a.c.c.C.[Tomcat].[localhost].[/]       : Initializing Spring DispatcherServlet 'dispatcherServlet'
2023-04-03 13:48:41.216  INFO 1160 --- [o-auto-1-exec-1] o.s.web.servlet.DispatcherServlet        : Initializing Servlet 'dispatcherServlet'
2023-04-03 13:48:41.226  INFO 1160 --- [o-auto-1-exec-1] o.s.web.servlet.DispatcherServlet        : Completed initialization in 10 ms
Hibernate: select posts0_.id as id1_0_, posts0_.created_date as created_2_0_, posts0_.modified_date as modified3_0_, posts0_.author as author4_0_, posts0_.content as content5_0_, posts0_.title as title6_0_ from posts posts0_ order by posts0_.id DESC
]]></system-out>
  <system-err><![CDATA[]]></system-err>
</testsuite>
