<?xml version="1.0" encoding="UTF-8"?>
<testsuite name="com.demo.springboot.webservice.web.HelloControllerTest" tests="2" skipped="0" failures="0" errors="0" timestamp="2023-05-02T11:45:32" hostname="Bongkyoonui-MacBookAir.local" time="0.048">
  <properties/>
  <testcase name="hello가_리턴된다" classname="com.demo.springboot.webservice.web.HelloControllerTest" time="0.022"/>
  <testcase name="helloDto가_리턴된다" classname="com.demo.springboot.webservice.web.HelloControllerTest" time="0.026"/>
  <system-out><![CDATA[2023-05-02 20:45:32.720  INFO 1520 --- [    Test worker] .b.t.a.w.s.WebMvcTestContextBootstrapper : Neither @ContextConfiguration nor @ContextHierarchy found for test class [com.demo.springboot.webservice.web.HelloControllerTest], using SpringBootContextLoader
2023-05-02 20:45:32.721  INFO 1520 --- [    Test worker] o.s.t.c.support.AbstractContextLoader    : Could not detect default resource locations for test class [com.demo.springboot.webservice.web.HelloControllerTest]: no resource found for suffixes {-context.xml, Context.groovy}.
2023-05-02 20:45:32.721  INFO 1520 --- [    Test worker] t.c.s.AnnotationConfigContextLoaderUtils : Could not detect default configuration classes for test class [com.demo.springboot.webservice.web.HelloControllerTest]: HelloControllerTest does not declare any static, non-private, non-final, nested classes annotated with @Configuration.
2023-05-02 20:45:32.729  INFO 1520 --- [    Test worker] .b.t.c.SpringBootTestContextBootstrapper : Found @SpringBootConfiguration com.demo.springboot.webservice.Application for test class com.demo.springboot.webservice.web.HelloControllerTest
2023-05-02 20:45:32.730  INFO 1520 --- [    Test worker] .b.t.a.w.s.WebMvcTestContextBootstrapper : Loaded default TestExecutionListener class names from location [META-INF/spring.factories]: [org.springframework.security.test.context.support.WithSecurityContextTestExecutionListener, org.springframework.security.test.context.support.ReactorContextTestExecutionListener, org.springframework.boot.test.autoconfigure.restdocs.RestDocsTestExecutionListener, org.springframework.boot.test.autoconfigure.web.client.MockRestServiceServerResetTestExecutionListener, org.springframework.boot.test.autoconfigure.web.servlet.MockMvcPrintOnlyOnFailureTestExecutionListener, org.springframework.boot.test.autoconfigure.web.servlet.WebDriverTestExecutionListener, org.springframework.boot.test.mock.mockito.MockitoTestExecutionListener, org.springframework.boot.test.mock.mockito.ResetMocksTestExecutionListener, org.springframework.test.context.web.ServletTestExecutionListener, org.springframework.test.context.support.DirtiesContextBeforeModesTestExecutionListener, org.springframework.test.context.support.DependencyInjectionTestExecutionListener, org.springframework.test.context.support.DirtiesContextTestExecutionListener, org.springframework.test.context.transaction.TransactionalTestExecutionListener, org.springframework.test.context.jdbc.SqlScriptsTestExecutionListener]
2023-05-02 20:45:32.730  INFO 1520 --- [    Test worker] .b.t.a.w.s.WebMvcTestContextBootstrapper : Using TestExecutionListeners: [org.springframework.test.context.web.ServletTestExecutionListener@4733662d, org.springframework.test.context.support.DirtiesContextBeforeModesTestExecutionListener@25502b1c, org.springframework.boot.test.mock.mockito.MockitoTestExecutionListener@5dabe7c8, org.springframework.boot.test.autoconfigure.SpringBootDependencyInjectionTestExecutionListener@6c427386, org.springframework.test.context.support.DirtiesContextTestExecutionListener@301c622d, org.springframework.test.context.transaction.TransactionalTestExecutionListener@14b0b7f9, org.springframework.test.context.jdbc.SqlScriptsTestExecutionListener@16a78700, org.springframework.security.test.context.support.WithSecurityContextTestExecutionListener@69860811, org.springframework.security.test.context.support.ReactorContextTestExecutionListener@3ad80206, org.springframework.boot.test.autoconfigure.restdocs.RestDocsTestExecutionListener@2b4675db, org.springframework.boot.test.autoconfigure.web.client.MockRestServiceServerResetTestExecutionListener@1737834, org.springframework.boot.test.autoconfigure.web.servlet.MockMvcPrintOnlyOnFailureTestExecutionListener@58ec3e8b, org.springframework.boot.test.autoconfigure.web.servlet.WebDriverTestExecutionListener@22decfa2, org.springframework.boot.test.mock.mockito.ResetMocksTestExecutionListener@3aae9e8f]

  .   ____          _            __ _ _
 /\\ / ___'_ __ _ _(_)_ __  __ _ \ \ \ \
( ( )\___ | '_ | '_| | '_ \/ _` | \ \ \ \
 \\/  ___)| |_)| | | | | || (_| |  ) ) ) )
  '  |____| .__|_| |_|_| |_\__, | / / / /
 =========|_|==============|___/=/_/_/_/
 :: Spring Boot ::        (v2.1.7.RELEASE)

2023-05-02 20:45:32.739  INFO 1520 --- [    Test worker] c.d.s.w.web.HelloControllerTest          : Starting HelloControllerTest on Bongkyoonui-MacBookAir.local with PID 1520 (started by bongkyoonpark in /Users/bongkyoonpark/Documents/스프링부트/기본/demo-springboot2-webservice)
2023-05-02 20:45:32.747  INFO 1520 --- [    Test worker] c.d.s.w.web.HelloControllerTest          : No active profile set, falling back to default profiles: default
2023-05-02 20:45:32.875  INFO 1520 --- [    Test worker] o.s.s.concurrent.ThreadPoolTaskExecutor  : Initializing ExecutorService 'applicationTaskExecutor'
2023-05-02 20:45:32.886  INFO 1520 --- [    Test worker] o.s.b.a.w.s.WelcomePageHandlerMapping    : Adding welcome page template: index
2023-05-02 20:45:32.936  INFO 1520 --- [    Test worker] .s.s.UserDetailsServiceAutoConfiguration : 

Using generated security password: abf74a05-df98-47cf-ae0f-8045b8e48f6d

2023-05-02 20:45:32.969  INFO 1520 --- [    Test worker] o.s.s.web.DefaultSecurityFilterChain     : Creating filter chain: any request, [org.springframework.security.web.context.request.async.WebAsyncManagerIntegrationFilter@6d028c7e, org.springframework.security.web.context.SecurityContextPersistenceFilter@54b313d6, org.springframework.security.web.header.HeaderWriterFilter@647d3279, org.springframework.security.web.csrf.CsrfFilter@33a39d7e, org.springframework.security.web.authentication.logout.LogoutFilter@2c9af700, org.springframework.security.web.authentication.UsernamePasswordAuthenticationFilter@4b19ee18, org.springframework.security.web.authentication.ui.DefaultLoginPageGeneratingFilter@307eb95f, org.springframework.security.web.authentication.ui.DefaultLogoutPageGeneratingFilter@2e5ff1d4, org.springframework.security.web.authentication.www.BasicAuthenticationFilter@22b2d9e3, org.springframework.security.web.savedrequest.RequestCacheAwareFilter@2643caa6, org.springframework.security.web.servletapi.SecurityContextHolderAwareRequestFilter@2b20caed, org.springframework.security.web.authentication.AnonymousAuthenticationFilter@1a16583d, org.springframework.security.web.session.SessionManagementFilter@4b9a1be5, org.springframework.security.web.access.ExceptionTranslationFilter@94f79a7, org.springframework.security.web.access.intercept.FilterSecurityInterceptor@299f9a81]
2023-05-02 20:45:32.981  INFO 1520 --- [    Test worker] o.s.b.t.m.w.SpringBootMockServletContext : Initializing Spring TestDispatcherServlet ''
2023-05-02 20:45:32.981  INFO 1520 --- [    Test worker] o.s.t.web.servlet.TestDispatcherServlet  : Initializing Servlet ''
2023-05-02 20:45:32.985  INFO 1520 --- [    Test worker] o.s.t.web.servlet.TestDispatcherServlet  : Completed initialization in 4 ms
2023-05-02 20:45:32.993  INFO 1520 --- [    Test worker] c.d.s.w.web.HelloControllerTest          : Started HelloControllerTest in 0.262 seconds (JVM running for 3.134)
]]></system-out>
  <system-err><![CDATA[]]></system-err>
</testsuite>
