<?xml version="1.0" encoding="UTF-8"?>
<testsuite name="com.demo.springboot.webservice.web.HelloControllerTest" tests="2" skipped="0" failures="0" errors="0" timestamp="2023-04-14T09:27:58" hostname="Bongkyoonui-MacBookAir.local" time="0.063">
  <properties/>
  <testcase name="hello가_리턴된다" classname="com.demo.springboot.webservice.web.HelloControllerTest" time="0.024"/>
  <testcase name="helloDto가_리턴된다" classname="com.demo.springboot.webservice.web.HelloControllerTest" time="0.038"/>
  <system-out><![CDATA[2023-04-14 18:27:58.618  INFO 963 --- [    Test worker] .b.t.a.w.s.WebMvcTestContextBootstrapper : Neither @ContextConfiguration nor @ContextHierarchy found for test class [com.demo.springboot.webservice.web.HelloControllerTest], using SpringBootContextLoader
2023-04-14 18:27:58.620  INFO 963 --- [    Test worker] o.s.t.c.support.AbstractContextLoader    : Could not detect default resource locations for test class [com.demo.springboot.webservice.web.HelloControllerTest]: no resource found for suffixes {-context.xml, Context.groovy}.
2023-04-14 18:27:58.621  INFO 963 --- [    Test worker] t.c.s.AnnotationConfigContextLoaderUtils : Could not detect default configuration classes for test class [com.demo.springboot.webservice.web.HelloControllerTest]: HelloControllerTest does not declare any static, non-private, non-final, nested classes annotated with @Configuration.
2023-04-14 18:27:58.638  INFO 963 --- [    Test worker] .b.t.c.SpringBootTestContextBootstrapper : Found @SpringBootConfiguration com.demo.springboot.webservice.Application for test class com.demo.springboot.webservice.web.HelloControllerTest
2023-04-14 18:27:58.639  INFO 963 --- [    Test worker] .b.t.a.w.s.WebMvcTestContextBootstrapper : Loaded default TestExecutionListener class names from location [META-INF/spring.factories]: [org.springframework.security.test.context.support.WithSecurityContextTestExecutionListener, org.springframework.security.test.context.support.ReactorContextTestExecutionListener, org.springframework.boot.test.autoconfigure.restdocs.RestDocsTestExecutionListener, org.springframework.boot.test.autoconfigure.web.client.MockRestServiceServerResetTestExecutionListener, org.springframework.boot.test.autoconfigure.web.servlet.MockMvcPrintOnlyOnFailureTestExecutionListener, org.springframework.boot.test.autoconfigure.web.servlet.WebDriverTestExecutionListener, org.springframework.boot.test.mock.mockito.MockitoTestExecutionListener, org.springframework.boot.test.mock.mockito.ResetMocksTestExecutionListener, org.springframework.test.context.web.ServletTestExecutionListener, org.springframework.test.context.support.DirtiesContextBeforeModesTestExecutionListener, org.springframework.test.context.support.DependencyInjectionTestExecutionListener, org.springframework.test.context.support.DirtiesContextTestExecutionListener, org.springframework.test.context.transaction.TransactionalTestExecutionListener, org.springframework.test.context.jdbc.SqlScriptsTestExecutionListener]
2023-04-14 18:27:58.640  INFO 963 --- [    Test worker] .b.t.a.w.s.WebMvcTestContextBootstrapper : Using TestExecutionListeners: [org.springframework.test.context.web.ServletTestExecutionListener@d79a69b, org.springframework.test.context.support.DirtiesContextBeforeModesTestExecutionListener@51158fb1, org.springframework.boot.test.mock.mockito.MockitoTestExecutionListener@62682ece, org.springframework.boot.test.autoconfigure.SpringBootDependencyInjectionTestExecutionListener@3c83e9ca, org.springframework.test.context.support.DirtiesContextTestExecutionListener@7c0ecdbf, org.springframework.test.context.transaction.TransactionalTestExecutionListener@19bad88, org.springframework.test.context.jdbc.SqlScriptsTestExecutionListener@2226fd2b, org.springframework.security.test.context.support.WithSecurityContextTestExecutionListener@1488d1c, org.springframework.security.test.context.support.ReactorContextTestExecutionListener@b21cbbf, org.springframework.boot.test.autoconfigure.restdocs.RestDocsTestExecutionListener@578ac0be, org.springframework.boot.test.autoconfigure.web.client.MockRestServiceServerResetTestExecutionListener@4250b0c1, org.springframework.boot.test.autoconfigure.web.servlet.MockMvcPrintOnlyOnFailureTestExecutionListener@7b5e5fa, org.springframework.boot.test.autoconfigure.web.servlet.WebDriverTestExecutionListener@24caa80, org.springframework.boot.test.mock.mockito.ResetMocksTestExecutionListener@3420547]

  .   ____          _            __ _ _
 /\\ / ___'_ __ _ _(_)_ __  __ _ \ \ \ \
( ( )\___ | '_ | '_| | '_ \/ _` | \ \ \ \
 \\/  ___)| |_)| | | | | || (_| |  ) ) ) )
  '  |____| .__|_| |_|_| |_\__, | / / / /
 =========|_|==============|___/=/_/_/_/
 :: Spring Boot ::        (v2.1.7.RELEASE)

2023-04-14 18:27:58.658  INFO 963 --- [    Test worker] c.d.s.w.web.HelloControllerTest          : Starting HelloControllerTest on Bongkyoonui-MacBookAir.local with PID 963 (started by bongkyoonpark in /Users/bongkyoonpark/Documents/스프링부트/기본/demo-springboot2-webservice)
2023-04-14 18:27:58.659  INFO 963 --- [    Test worker] c.d.s.w.web.HelloControllerTest          : No active profile set, falling back to default profiles: default
2023-04-14 18:27:58.821  INFO 963 --- [    Test worker] o.s.s.concurrent.ThreadPoolTaskExecutor  : Initializing ExecutorService 'applicationTaskExecutor'
2023-04-14 18:27:58.833  INFO 963 --- [    Test worker] o.s.b.a.w.s.WelcomePageHandlerMapping    : Adding welcome page template: index
2023-04-14 18:27:58.888  INFO 963 --- [    Test worker] .s.s.UserDetailsServiceAutoConfiguration : 

Using generated security password: db5eaa25-40e9-4041-96c6-23b751417c92

2023-04-14 18:27:58.926  INFO 963 --- [    Test worker] o.s.s.web.DefaultSecurityFilterChain     : Creating filter chain: any request, [org.springframework.security.web.context.request.async.WebAsyncManagerIntegrationFilter@307eb95f, org.springframework.security.web.context.SecurityContextPersistenceFilter@665574fb, org.springframework.security.web.header.HeaderWriterFilter@1ec96512, org.springframework.security.web.csrf.CsrfFilter@5b5f06bb, org.springframework.security.web.authentication.logout.LogoutFilter@52ec5ba6, org.springframework.security.web.authentication.UsernamePasswordAuthenticationFilter@6d7005e2, org.springframework.security.web.authentication.ui.DefaultLoginPageGeneratingFilter@50ad5625, org.springframework.security.web.authentication.ui.DefaultLogoutPageGeneratingFilter@7c1f3125, org.springframework.security.web.authentication.www.BasicAuthenticationFilter@2643caa6, org.springframework.security.web.savedrequest.RequestCacheAwareFilter@3eb7ff78, org.springframework.security.web.servletapi.SecurityContextHolderAwareRequestFilter@6b83ec49, org.springframework.security.web.authentication.AnonymousAuthenticationFilter@44b1d2fa, org.springframework.security.web.session.SessionManagementFilter@3d00c2ae, org.springframework.security.web.access.ExceptionTranslationFilter@54519d74, org.springframework.security.web.access.intercept.FilterSecurityInterceptor@3119fcad]
2023-04-14 18:27:58.940  INFO 963 --- [    Test worker] o.s.b.t.m.w.SpringBootMockServletContext : Initializing Spring TestDispatcherServlet ''
2023-04-14 18:27:58.940  INFO 963 --- [    Test worker] o.s.t.web.servlet.TestDispatcherServlet  : Initializing Servlet ''
2023-04-14 18:27:58.947  INFO 963 --- [    Test worker] o.s.t.web.servlet.TestDispatcherServlet  : Completed initialization in 7 ms
2023-04-14 18:27:58.957  INFO 963 --- [    Test worker] c.d.s.w.web.HelloControllerTest          : Started HelloControllerTest in 0.313 seconds (JVM running for 3.547)
]]></system-out>
  <system-err><![CDATA[]]></system-err>
</testsuite>
