<?xml version="1.0" encoding="UTF-8"?>
<testsuite name="com.demo.springboot.webservice.web.IndexControllerTest" tests="1" skipped="0" failures="0" errors="0" timestamp="2023-04-14T09:27:59" hostname="Bongkyoonui-MacBookAir.local" time="0.089">
  <properties/>
  <testcase name="메인페이지_로딩" classname="com.demo.springboot.webservice.web.IndexControllerTest" time="0.089"/>
  <system-out><![CDATA[2023-04-14 18:27:59.022  INFO 963 --- [    Test worker] .b.t.c.SpringBootTestContextBootstrapper : Neither @ContextConfiguration nor @ContextHierarchy found for test class [com.demo.springboot.webservice.web.IndexControllerTest], using SpringBootContextLoader
2023-04-14 18:27:59.022  INFO 963 --- [    Test worker] o.s.t.c.support.AbstractContextLoader    : Could not detect default resource locations for test class [com.demo.springboot.webservice.web.IndexControllerTest]: no resource found for suffixes {-context.xml, Context.groovy}.
2023-04-14 18:27:59.022  INFO 963 --- [    Test worker] t.c.s.AnnotationConfigContextLoaderUtils : Could not detect default configuration classes for test class [com.demo.springboot.webservice.web.IndexControllerTest]: IndexControllerTest does not declare any static, non-private, non-final, nested classes annotated with @Configuration.
2023-04-14 18:27:59.023  INFO 963 --- [    Test worker] .b.t.c.SpringBootTestContextBootstrapper : Found @SpringBootConfiguration com.demo.springboot.webservice.Application for test class com.demo.springboot.webservice.web.IndexControllerTest
2023-04-14 18:27:59.023  INFO 963 --- [    Test worker] .b.t.c.SpringBootTestContextBootstrapper : Loaded default TestExecutionListener class names from location [META-INF/spring.factories]: [org.springframework.security.test.context.support.WithSecurityContextTestExecutionListener, org.springframework.security.test.context.support.ReactorContextTestExecutionListener, org.springframework.boot.test.autoconfigure.restdocs.RestDocsTestExecutionListener, org.springframework.boot.test.autoconfigure.web.client.MockRestServiceServerResetTestExecutionListener, org.springframework.boot.test.autoconfigure.web.servlet.MockMvcPrintOnlyOnFailureTestExecutionListener, org.springframework.boot.test.autoconfigure.web.servlet.WebDriverTestExecutionListener, org.springframework.boot.test.mock.mockito.MockitoTestExecutionListener, org.springframework.boot.test.mock.mockito.ResetMocksTestExecutionListener, org.springframework.test.context.web.ServletTestExecutionListener, org.springframework.test.context.support.DirtiesContextBeforeModesTestExecutionListener, org.springframework.test.context.support.DependencyInjectionTestExecutionListener, org.springframework.test.context.support.DirtiesContextTestExecutionListener, org.springframework.test.context.transaction.TransactionalTestExecutionListener, org.springframework.test.context.jdbc.SqlScriptsTestExecutionListener]
2023-04-14 18:27:59.023  INFO 963 --- [    Test worker] .b.t.c.SpringBootTestContextBootstrapper : Using TestExecutionListeners: [org.springframework.test.context.web.ServletTestExecutionListener@47baf547, org.springframework.test.context.support.DirtiesContextBeforeModesTestExecutionListener@fffb4a8, org.springframework.boot.test.mock.mockito.MockitoTestExecutionListener@5dc90de7, org.springframework.boot.test.autoconfigure.SpringBootDependencyInjectionTestExecutionListener@3071d086, org.springframework.test.context.support.DirtiesContextTestExecutionListener@20711b02, org.springframework.test.context.transaction.TransactionalTestExecutionListener@52d9a150, org.springframework.test.context.jdbc.SqlScriptsTestExecutionListener@476a38d9, org.springframework.security.test.context.support.WithSecurityContextTestExecutionListener@79a12552, org.springframework.security.test.context.support.ReactorContextTestExecutionListener@5120886f, org.springframework.boot.test.autoconfigure.restdocs.RestDocsTestExecutionListener@4e6c703a, org.springframework.boot.test.autoconfigure.web.client.MockRestServiceServerResetTestExecutionListener@58d635de, org.springframework.boot.test.autoconfigure.web.servlet.MockMvcPrintOnlyOnFailureTestExecutionListener@282d1023, org.springframework.boot.test.autoconfigure.web.servlet.WebDriverTestExecutionListener@7d1b96b9, org.springframework.boot.test.mock.mockito.ResetMocksTestExecutionListener@505bc480]

  .   ____          _            __ _ _
 /\\ / ___'_ __ _ _(_)_ __  __ _ \ \ \ \
( ( )\___ | '_ | '_| | '_ \/ _` | \ \ \ \
 \\/  ___)| |_)| | | | | || (_| |  ) ) ) )
  '  |____| .__|_| |_|_| |_\__, | / / / /
 =========|_|==============|___/=/_/_/_/
 :: Spring Boot ::        (v2.1.7.RELEASE)

2023-04-14 18:27:59.039  INFO 963 --- [    Test worker] c.d.s.w.web.IndexControllerTest          : Starting IndexControllerTest on Bongkyoonui-MacBookAir.local with PID 963 (started by bongkyoonpark in /Users/bongkyoonpark/Documents/스프링부트/기본/demo-springboot2-webservice)
2023-04-14 18:27:59.039  INFO 963 --- [    Test worker] c.d.s.w.web.IndexControllerTest          : No active profile set, falling back to default profiles: default
2023-04-14 18:27:59.124  INFO 963 --- [    Test worker] .s.d.r.c.RepositoryConfigurationDelegate : Bootstrapping Spring Data repositories in DEFAULT mode.
2023-04-14 18:27:59.133  INFO 963 --- [    Test worker] .s.d.r.c.RepositoryConfigurationDelegate : Finished Spring Data repository scanning in 9ms. Found 2 repository interfaces.
2023-04-14 18:27:59.166  INFO 963 --- [    Test worker] trationDelegate$BeanPostProcessorChecker : Bean 'org.springframework.transaction.annotation.ProxyTransactionManagementConfiguration' of type [org.springframework.transaction.annotation.ProxyTransactionManagementConfiguration$$EnhancerBySpringCGLIB$$ae588d75] is not eligible for getting processed by all BeanPostProcessors (for example: not eligible for auto-proxying)
2023-04-14 18:27:59.259  INFO 963 --- [    Test worker] o.s.b.w.embedded.tomcat.TomcatWebServer  : Tomcat initialized with port(s): 0 (http)
2023-04-14 18:27:59.275  INFO 963 --- [    Test worker] o.apache.catalina.core.StandardService   : Starting service [Tomcat]
2023-04-14 18:27:59.275  INFO 963 --- [    Test worker] org.apache.catalina.core.StandardEngine  : Starting Servlet engine: [Apache Tomcat/9.0.22]
2023-04-14 18:27:59.345  INFO 963 --- [    Test worker] o.a.c.c.C.[Tomcat].[localhost].[/]       : Initializing Spring embedded WebApplicationContext
2023-04-14 18:27:59.345  INFO 963 --- [    Test worker] o.s.web.context.ContextLoader            : Root WebApplicationContext: initialization completed in 305 ms
2023-04-14 18:27:59.392  INFO 963 --- [    Test worker] com.zaxxer.hikari.HikariDataSource       : HikariPool-2 - Starting...
2023-04-14 18:27:59.393  INFO 963 --- [    Test worker] com.zaxxer.hikari.HikariDataSource       : HikariPool-2 - Start completed.
2023-04-14 18:27:59.403  INFO 963 --- [    Test worker] o.hibernate.jpa.internal.util.LogHelper  : HHH000204: Processing PersistenceUnitInfo [
	name: default
	...]
2023-04-14 18:27:59.407  INFO 963 --- [    Test worker] org.hibernate.dialect.Dialect            : HHH000400: Using dialect: org.hibernate.dialect.MySQL5InnoDBDialect
Hibernate: drop table if exists posts
Hibernate: drop table if exists user
Hibernate: create table posts (id bigint not null auto_increment, created_date datetime, modified_date datetime, author varchar(255), content TEXT not null, title varchar(500) not null, primary key (id)) engine=InnoDB
Hibernate: create table user (id bigint not null auto_increment, created_date datetime, modified_date datetime, email varchar(255) not null, name varchar(255) not null, picture varchar(255), role varchar(255) not null, primary key (id)) engine=InnoDB
2023-04-14 18:27:59.434  INFO 963 --- [    Test worker] o.h.t.schema.internal.SchemaCreatorImpl  : HHH000476: Executing import script 'org.hibernate.tool.schema.internal.exec.ScriptSourceInputNonExistentImpl@652f26da'
2023-04-14 18:27:59.435  INFO 963 --- [    Test worker] j.LocalContainerEntityManagerFactoryBean : Initialized JPA EntityManagerFactory for persistence unit 'default'
2023-04-14 18:27:59.540  INFO 963 --- [    Test worker] o.h.h.i.QueryTranslatorFactoryInitiator  : HHH000397: Using ASTQueryTranslatorFactory
2023-04-14 18:27:59.578  INFO 963 --- [    Test worker] o.s.s.web.DefaultSecurityFilterChain     : Creating filter chain: any request, [org.springframework.security.web.context.request.async.WebAsyncManagerIntegrationFilter@18b431ea, org.springframework.security.web.context.SecurityContextPersistenceFilter@23ec291e, org.springframework.security.web.header.HeaderWriterFilter@4f5080ea, org.springframework.security.web.authentication.logout.LogoutFilter@5824b485, org.springframework.security.oauth2.client.web.OAuth2AuthorizationRequestRedirectFilter@3a3fc789, org.springframework.security.oauth2.client.web.OAuth2LoginAuthenticationFilter@2fad7002, org.springframework.security.web.authentication.ui.DefaultLoginPageGeneratingFilter@1a42da0a, org.springframework.security.web.authentication.ui.DefaultLogoutPageGeneratingFilter@7c58c10f, org.springframework.security.web.savedrequest.RequestCacheAwareFilter@1a91d15f, org.springframework.security.web.servletapi.SecurityContextHolderAwareRequestFilter@518d4537, org.springframework.security.web.authentication.AnonymousAuthenticationFilter@389f4282, org.springframework.security.web.session.SessionManagementFilter@28cc690d, org.springframework.security.web.access.ExceptionTranslationFilter@39000894, org.springframework.security.web.access.intercept.FilterSecurityInterceptor@45543b88]
2023-04-14 18:27:59.639  INFO 963 --- [    Test worker] o.s.s.concurrent.ThreadPoolTaskExecutor  : Initializing ExecutorService 'applicationTaskExecutor'
2023-04-14 18:27:59.644  WARN 963 --- [    Test worker] aWebConfiguration$JpaWebMvcConfiguration : spring.jpa.open-in-view is enabled by default. Therefore, database queries may be performed during view rendering. Explicitly configure spring.jpa.open-in-view to disable this warning
2023-04-14 18:27:59.654  INFO 963 --- [    Test worker] o.s.b.a.w.s.WelcomePageHandlerMapping    : Adding welcome page template: index
2023-04-14 18:27:59.723  INFO 963 --- [    Test worker] s.a.ScheduledAnnotationBeanPostProcessor : No TaskScheduler/ScheduledExecutorService bean found for scheduled processing
2023-04-14 18:27:59.736  INFO 963 --- [    Test worker] o.s.b.w.embedded.tomcat.TomcatWebServer  : Tomcat started on port(s): 49229 (http) with context path ''
2023-04-14 18:27:59.736  INFO 963 --- [    Test worker] c.d.s.w.web.IndexControllerTest          : Started IndexControllerTest in 0.712 seconds (JVM running for 4.326)
2023-04-14 18:27:59.781  INFO 963 --- [o-auto-1-exec-1] o.a.c.c.C.[Tomcat].[localhost].[/]       : Initializing Spring DispatcherServlet 'dispatcherServlet'
2023-04-14 18:27:59.781  INFO 963 --- [o-auto-1-exec-1] o.s.web.servlet.DispatcherServlet        : Initializing Servlet 'dispatcherServlet'
2023-04-14 18:27:59.786  INFO 963 --- [o-auto-1-exec-1] o.s.web.servlet.DispatcherServlet        : Completed initialization in 5 ms
Hibernate: select posts0_.id as id1_0_, posts0_.created_date as created_2_0_, posts0_.modified_date as modified3_0_, posts0_.author as author4_0_, posts0_.content as content5_0_, posts0_.title as title6_0_ from posts posts0_ order by posts0_.id DESC
]]></system-out>
  <system-err><![CDATA[]]></system-err>
</testsuite>
