<?xml version="1.0" encoding="UTF-8"?>
<testsuite name="com.demo.springboot.webservice.web.PostsApiControllerTest" tests="2" skipped="0" failures="0" errors="0" timestamp="2023-04-14T09:27:59" hostname="Bongkyoonui-MacBookAir.local" time="0.05">
  <properties/>
  <testcase name="Posts가_등록된다" classname="com.demo.springboot.webservice.web.PostsApiControllerTest" time="0.03"/>
  <testcase name="Posts가_수정된다" classname="com.demo.springboot.webservice.web.PostsApiControllerTest" time="0.02"/>
  <system-out><![CDATA[2023-04-14 18:27:59.835  INFO 963 --- [    Test worker] .b.t.c.SpringBootTestContextBootstrapper : Neither @ContextConfiguration nor @ContextHierarchy found for test class [com.demo.springboot.webservice.web.PostsApiControllerTest], using SpringBootContextLoader
2023-04-14 18:27:59.835  INFO 963 --- [    Test worker] o.s.t.c.support.AbstractContextLoader    : Could not detect default resource locations for test class [com.demo.springboot.webservice.web.PostsApiControllerTest]: no resource found for suffixes {-context.xml, Context.groovy}.
2023-04-14 18:27:59.835  INFO 963 --- [    Test worker] t.c.s.AnnotationConfigContextLoaderUtils : Could not detect default configuration classes for test class [com.demo.springboot.webservice.web.PostsApiControllerTest]: PostsApiControllerTest does not declare any static, non-private, non-final, nested classes annotated with @Configuration.
2023-04-14 18:27:59.836  INFO 963 --- [    Test worker] .b.t.c.SpringBootTestContextBootstrapper : Found @SpringBootConfiguration com.demo.springboot.webservice.Application for test class com.demo.springboot.webservice.web.PostsApiControllerTest
2023-04-14 18:27:59.836  INFO 963 --- [    Test worker] .b.t.c.SpringBootTestContextBootstrapper : Loaded default TestExecutionListener class names from location [META-INF/spring.factories]: [org.springframework.security.test.context.support.WithSecurityContextTestExecutionListener, org.springframework.security.test.context.support.ReactorContextTestExecutionListener, org.springframework.boot.test.autoconfigure.restdocs.RestDocsTestExecutionListener, org.springframework.boot.test.autoconfigure.web.client.MockRestServiceServerResetTestExecutionListener, org.springframework.boot.test.autoconfigure.web.servlet.MockMvcPrintOnlyOnFailureTestExecutionListener, org.springframework.boot.test.autoconfigure.web.servlet.WebDriverTestExecutionListener, org.springframework.boot.test.mock.mockito.MockitoTestExecutionListener, org.springframework.boot.test.mock.mockito.ResetMocksTestExecutionListener, org.springframework.test.context.web.ServletTestExecutionListener, org.springframework.test.context.support.DirtiesContextBeforeModesTestExecutionListener, org.springframework.test.context.support.DependencyInjectionTestExecutionListener, org.springframework.test.context.support.DirtiesContextTestExecutionListener, org.springframework.test.context.transaction.TransactionalTestExecutionListener, org.springframework.test.context.jdbc.SqlScriptsTestExecutionListener]
2023-04-14 18:27:59.836  INFO 963 --- [    Test worker] .b.t.c.SpringBootTestContextBootstrapper : Using TestExecutionListeners: [org.springframework.test.context.web.ServletTestExecutionListener@14972600, org.springframework.test.context.support.DirtiesContextBeforeModesTestExecutionListener@738a977d, org.springframework.boot.test.mock.mockito.MockitoTestExecutionListener@5963a2c9, org.springframework.boot.test.autoconfigure.SpringBootDependencyInjectionTestExecutionListener@79143853, org.springframework.test.context.support.DirtiesContextTestExecutionListener@541ea657, org.springframework.test.context.transaction.TransactionalTestExecutionListener@7308e2d6, org.springframework.test.context.jdbc.SqlScriptsTestExecutionListener@37b97394, org.springframework.security.test.context.support.WithSecurityContextTestExecutionListener@6f371390, org.springframework.security.test.context.support.ReactorContextTestExecutionListener@4eba3c3f, org.springframework.boot.test.autoconfigure.restdocs.RestDocsTestExecutionListener@7a90796c, org.springframework.boot.test.autoconfigure.web.client.MockRestServiceServerResetTestExecutionListener@6c98079, org.springframework.boot.test.autoconfigure.web.servlet.MockMvcPrintOnlyOnFailureTestExecutionListener@5135b8a3, org.springframework.boot.test.autoconfigure.web.servlet.WebDriverTestExecutionListener@4ef12d7e, org.springframework.boot.test.mock.mockito.ResetMocksTestExecutionListener@375376d5]
2023-04-14 18:27:59.839  INFO 963 --- [    Test worker] o.a.c.c.C.[Tomcat].[localhost].[/]       : Initializing Spring TestDispatcherServlet ''
2023-04-14 18:27:59.839  INFO 963 --- [    Test worker] o.s.t.web.servlet.TestDispatcherServlet  : Initializing Servlet ''
2023-04-14 18:27:59.839  INFO 963 --- [    Test worker] o.s.t.web.servlet.TestDispatcherServlet  : Completed initialization in 0 ms
Hibernate: insert into posts (created_date, modified_date, author, content, title) values (?, ?, ?, ?, ?)
Hibernate: select posts0_.id as id1_0_, posts0_.created_date as created_2_0_, posts0_.modified_date as modified3_0_, posts0_.author as author4_0_, posts0_.content as content5_0_, posts0_.title as title6_0_ from posts posts0_
Hibernate: select posts0_.id as id1_0_, posts0_.created_date as created_2_0_, posts0_.modified_date as modified3_0_, posts0_.author as author4_0_, posts0_.content as content5_0_, posts0_.title as title6_0_ from posts posts0_
Hibernate: delete from posts where id=?
2023-04-14 18:27:59.868  INFO 963 --- [    Test worker] o.a.c.c.C.[Tomcat].[localhost].[/]       : Initializing Spring TestDispatcherServlet ''
2023-04-14 18:27:59.869  INFO 963 --- [    Test worker] o.s.t.web.servlet.TestDispatcherServlet  : Initializing Servlet ''
2023-04-14 18:27:59.869  INFO 963 --- [    Test worker] o.s.t.web.servlet.TestDispatcherServlet  : Completed initialization in 0 ms
Hibernate: insert into posts (created_date, modified_date, author, content, title) values (?, ?, ?, ?, ?)
Hibernate: select posts0_.id as id1_0_0_, posts0_.created_date as created_2_0_0_, posts0_.modified_date as modified3_0_0_, posts0_.author as author4_0_0_, posts0_.content as content5_0_0_, posts0_.title as title6_0_0_ from posts posts0_ where posts0_.id=?
Hibernate: update posts set created_date=?, modified_date=?, author=?, content=?, title=? where id=?
Hibernate: select posts0_.id as id1_0_, posts0_.created_date as created_2_0_, posts0_.modified_date as modified3_0_, posts0_.author as author4_0_, posts0_.content as content5_0_, posts0_.title as title6_0_ from posts posts0_
Hibernate: select posts0_.id as id1_0_, posts0_.created_date as created_2_0_, posts0_.modified_date as modified3_0_, posts0_.author as author4_0_, posts0_.content as content5_0_, posts0_.title as title6_0_ from posts posts0_
Hibernate: delete from posts where id=?
]]></system-out>
  <system-err><![CDATA[]]></system-err>
</testsuite>
